{"name": "Add Product to Cart by going to product", "status": "failed", "statusDetails": {"message": "AssertionError: Expected Text 0 is not in Loading...\n", "trace": "  File \"C:\\Automation\\AutomationProjects\\venv\\Lib\\site-packages\\behave\\model.py\", line 1329, in run\n    match.run(runner.context)\n    ~~~~~~~~~^^^^^^^^^^^^^^^^\n  File \"C:\\Automation\\AutomationProjects\\venv\\Lib\\site-packages\\behave\\matchers.py\", line 98, in run\n    self.func(context, *args, **kwargs)\n    ~~~~~~~~~^^^^^^^^^^^^^^^^^^^^^^^^^^\n  File \"features\\steps\\addtocart.py\", line 29, in step_impl\n    context.add_to_cart_act.verify_multiple_product_added()\n    ~~~~~~~~~~~~~~~~~~~~~~~~~~~~~~~~~~~~~~~~~~~~~~~~~~~~~^^\n  File \"C:\\Automation\\AutomationProjects\\BehaveBDDFramework\\features\\actions\\add_to_cart_actions.py\", line 40, in verify_multiple_product_added\n    self.verify_empty_cart()\n    ~~~~~~~~~~~~~~~~~~~~~~^^\n  File \"C:\\Automation\\AutomationProjects\\BehaveBDDFramework\\features\\actions\\add_to_cart_actions.py\", line 35, in verify_empty_cart\n    self.common_actions.verify_text(locator=AddToCartLoc.cart_button, expected_text=\"0\")\n    ~~~~~~~~~~~~~~~~~~~~~~~~~~~~~~~^^^^^^^^^^^^^^^^^^^^^^^^^^^^^^^^^^^^^^^^^^^^^^^^^^^^^\n  File \"C:\\Automation\\AutomationProjects\\BehaveBDDFramework\\features\\actions\\common_actions.py\", line 32, in verify_text\n    assert expected_text in actual_text, f\"Expected Text {expected_text} is not in {actual_text}\"\n           ^^^^^^^^^^^^^^^^^^^^^^^^^^^^\n"}, "steps": [{"name": "Given I got navigated to Home Page", "status": "passed", "start": 1745057539145, "stop": 1745057539152}, {"name": "When I select iphone product", "status": "passed", "start": 1745057539152, "stop": 1745057539443}, {"name": "And Enter unit and click add to cart button", "status": "passed", "start": 1745057539443, "stop": 1745057544549}, {"name": "Then Cart will be updated with expected unit count", "status": "failed", "statusDetails": {"message": "AssertionError: Expected Text 0 is not in Loading...\n", "trace": "  File \"C:\\Automation\\AutomationProjects\\venv\\Lib\\site-packages\\behave\\model.py\", line 1329, in run\n    match.run(runner.context)\n    ~~~~~~~~~^^^^^^^^^^^^^^^^\n  File \"C:\\Automation\\AutomationProjects\\venv\\Lib\\site-packages\\behave\\matchers.py\", line 98, in run\n    self.func(context, *args, **kwargs)\n    ~~~~~~~~~^^^^^^^^^^^^^^^^^^^^^^^^^^\n  File \"features\\steps\\addtocart.py\", line 29, in step_impl\n    context.add_to_cart_act.verify_multiple_product_added()\n    ~~~~~~~~~~~~~~~~~~~~~~~~~~~~~~~~~~~~~~~~~~~~~~~~~~~~~^^\n  File \"C:\\Automation\\AutomationProjects\\BehaveBDDFramework\\features\\actions\\add_to_cart_actions.py\", line 40, in verify_multiple_product_added\n    self.verify_empty_cart()\n    ~~~~~~~~~~~~~~~~~~~~~~^^\n  File \"C:\\Automation\\AutomationProjects\\BehaveBDDFramework\\features\\actions\\add_to_cart_actions.py\", line 35, in verify_empty_cart\n    self.common_actions.verify_text(locator=AddToCartLoc.cart_button, expected_text=\"0\")\n    ~~~~~~~~~~~~~~~~~~~~~~~~~~~~~~~^^^^^^^^^^^^^^^^^^^^^^^^^^^^^^^^^^^^^^^^^^^^^^^^^^^^^\n  File \"C:\\Automation\\AutomationProjects\\BehaveBDDFramework\\features\\actions\\common_actions.py\", line 32, in verify_text\n    assert expected_text in actual_text, f\"Expected Text {expected_text} is not in {actual_text}\"\n           ^^^^^^^^^^^^^^^^^^^^^^^^^^^^\n"}, "start": 1745057544550, "stop": 1745057544668}], "start": 1745057536375, "stop": 1745057546830, "uuid": "258fad91-71a2-4a23-b707-f3828907064f", "historyId": "055b761bbdbd1babd8097cce64c37855", "fullName": "Add Product to Cart: Add Product to Cart by going to product", "labels": [{"name": "severity", "value": "normal"}, {"name": "tag", "value": "done"}, {"name": "feature", "value": "Add Product to Cart"}, {"name": "framework", "value": "behave"}, {"name": "language", "value": "cpython3"}]}