{"name": "Add Product to Cart using Product Add Cart Button", "status": "failed", "statusDetails": {"message": "AssertionError: Expected Text 1 is not in 0 item(s) - $0.00\n", "trace": "  File \"C:\\Automation\\AutomationProjects\\venv\\Lib\\site-packages\\behave\\model.py\", line 1329, in run\n    match.run(runner.context)\n    ~~~~~~~~~^^^^^^^^^^^^^^^^\n  File \"C:\\Automation\\AutomationProjects\\venv\\Lib\\site-packages\\behave\\matchers.py\", line 98, in run\n    self.func(context, *args, **kwargs)\n    ~~~~~~~~~^^^^^^^^^^^^^^^^^^^^^^^^^^\n  File \"features\\steps\\addtocart.py\", line 13, in step_impl\n    context.add_to_cart_act.verify_product_added()\n    ~~~~~~~~~~~~~~~~~~~~~~~~~~~~~~~~~~~~~~~~~~~~^^\n  File \"C:\\Automation\\AutomationProjects\\BehaveBDDFramework\\features\\actions\\add_to_cart_actions.py\", line 15, in verify_product_added\n    self.common_actions.verify_text(locator=AddToCartLoc.cart_button, expected_text=\"1\")\n    ~~~~~~~~~~~~~~~~~~~~~~~~~~~~~~~^^^^^^^^^^^^^^^^^^^^^^^^^^^^^^^^^^^^^^^^^^^^^^^^^^^^^\n  File \"C:\\Automation\\AutomationProjects\\BehaveBDDFramework\\features\\actions\\common_actions.py\", line 32, in verify_text\n    assert expected_text in actual_text, f\"Expected Text {expected_text} is not in {actual_text}\"\n           ^^^^^^^^^^^^^^^^^^^^^^^^^^^^\n"}, "steps": [{"name": "Given I got navigated to Home Page", "status": "passed", "start": 1745055768953, "stop": 1745055768958}, {"name": "When I click iphone add to cart button", "status": "passed", "start": 1745055768958, "stop": 1745055769015}, {"name": "Then Cart will be updated", "status": "failed", "statusDetails": {"message": "AssertionError: Expected Text 1 is not in 0 item(s) - $0.00\n", "trace": "  File \"C:\\Automation\\AutomationProjects\\venv\\Lib\\site-packages\\behave\\model.py\", line 1329, in run\n    match.run(runner.context)\n    ~~~~~~~~~^^^^^^^^^^^^^^^^\n  File \"C:\\Automation\\AutomationProjects\\venv\\Lib\\site-packages\\behave\\matchers.py\", line 98, in run\n    self.func(context, *args, **kwargs)\n    ~~~~~~~~~^^^^^^^^^^^^^^^^^^^^^^^^^^\n  File \"features\\steps\\addtocart.py\", line 13, in step_impl\n    context.add_to_cart_act.verify_product_added()\n    ~~~~~~~~~~~~~~~~~~~~~~~~~~~~~~~~~~~~~~~~~~~~^^\n  File \"C:\\Automation\\AutomationProjects\\BehaveBDDFramework\\features\\actions\\add_to_cart_actions.py\", line 15, in verify_product_added\n    self.common_actions.verify_text(locator=AddToCartLoc.cart_button, expected_text=\"1\")\n    ~~~~~~~~~~~~~~~~~~~~~~~~~~~~~~~^^^^^^^^^^^^^^^^^^^^^^^^^^^^^^^^^^^^^^^^^^^^^^^^^^^^^\n  File \"C:\\Automation\\AutomationProjects\\BehaveBDDFramework\\features\\actions\\common_actions.py\", line 32, in verify_text\n    assert expected_text in actual_text, f\"Expected Text {expected_text} is not in {actual_text}\"\n           ^^^^^^^^^^^^^^^^^^^^^^^^^^^^\n"}, "start": 1745055769015, "stop": 1745055769036}], "start": 1745055766190, "stop": 1745055771156, "uuid": "ac65b6cf-834f-4d79-a812-13a14e5e8a61", "historyId": "7a07626ad8b6f1eb373382164807d209", "fullName": "Add Product to Cart: Add Product to Cart using Product Add Cart Button", "labels": [{"name": "severity", "value": "normal"}, {"name": "tag", "value": "done"}, {"name": "feature", "value": "Add Product to Cart"}, {"name": "framework", "value": "behave"}, {"name": "language", "value": "cpython3"}]}